<?xml version="1.0" encoding="UTF-8"?>
<!-- Generated by org.testng.reporters.JUnitReportReporter -->
<testsuite skipped="0" hostname="win7-PC" name="Pages.HomePage" tests="2" failures="0" timestamp="03 Jun 2018 11:09:47 GMT" time="0.042" errors="0">
  <testcase name="registration" time="0.034" classname="Pages.HomePage"/>
  <testcase name="login" time="0.008" classname="Pages.HomePage"/>
</testsuite> <!-- Pages.HomePage -->
